<?xml version="1.0" encoding="UTF-8"?>
<testng-results skipped="0" failed="0" ignored="0" total="1" passed="1">
  <reporter-output>
  </reporter-output>
  <suite name="Page Object Model  Suite" duration-ms="1618" started-at="2023-03-25T04:42:01Z" finished-at="2023-03-25T04:42:02Z">
    <groups>
    </groups>
    <test name="Login Test" duration-ms="1618" started-at="2023-03-25T04:42:01Z" finished-at="2023-03-25T04:42:02Z">
      <class name="com.w2a.testcases.LoginTest">
        <test-method status="PASS" signature="loginTest()[pri:0, instance:com.w2a.testcases.LoginTest@1f966492]" name="loginTest" duration-ms="1576" started-at="2023-03-25T04:42:01Z" finished-at="2023-03-25T04:42:02Z">
          <reporter-output>
          </reporter-output>
        </test-method> <!-- loginTest -->
        <test-method status="PASS" signature="tearDown()[pri:0, instance:com.w2a.testcases.LoginTest@1f966492]" name="tearDown" is-config="true" duration-ms="847" started-at="2023-03-25T04:42:03Z" finished-at="2023-03-25T04:42:04Z">
          <reporter-output>
          </reporter-output>
        </test-method> <!-- tearDown -->
      </class> <!-- com.w2a.testcases.LoginTest -->
    </test> <!-- Login Test -->
  </suite> <!-- Page Object Model  Suite -->
</testng-results>
